Started GET "/assets/turbo.min-3a2e143f.js" for 127.0.0.1 at 2025-08-28 12:37:34 +0000
Started GET "/" for 127.0.0.1 at 2025-08-28 12:37:34 +0000
Started GET "/assets/stimulus.min-4b1e420e.js" for 127.0.0.1 at 2025-08-28 12:37:34 +0000
  [1m[35m (7.1ms)[0m  [1m[35mCREATE TABLE "schema_migrations" ("version" varchar NOT NULL PRIMARY KEY) /*application='MyquoteAssignment'*/[0m
  [1m[35m (0.3ms)[0m  [1m[35mCREATE TABLE "ar_internal_metadata" ("key" varchar NOT NULL PRIMARY KEY, "value" varchar, "created_at" datetime(6) NOT NULL, "updated_at" datetime(6) NOT NULL) /*application='MyquoteAssignment'*/[0m
  [1m[36mActiveRecord::SchemaMigration Load (0.1ms)[0m  [1m[34mSELECT "schema_migrations"."version" FROM "schema_migrations" ORDER BY "schema_migrations"."version" ASC /*application='MyquoteAssignment'*/[0m
  
ActionController::RoutingError (No route matches [GET] "/assets/turbo.min-3a2e143f.js"):
  
  
ActionController::RoutingError (No route matches [GET] "/"):
  
Started GET "/" for 127.0.0.1 at 2025-08-28 12:37:35 +0000
Processing by Rails::WelcomeController#index as HTML
  Rendering /home/student/.rbenv/versions/3.4.5/lib/ruby/gems/3.4.0/gems/railties-8.0.2.1/lib/rails/templates/rails/welcome/index.html.erb
  Rendered /home/student/.rbenv/versions/3.4.5/lib/ruby/gems/3.4.0/gems/railties-8.0.2.1/lib/rails/templates/rails/welcome/index.html.erb (Duration: 0.9ms | GC: 0.0ms)
Completed 200 OK in 74ms (Views: 4.5ms | ActiveRecord: 0.0ms (0 queries, 0 cached) | GC: 7.9ms)


Started GET "/" for 127.0.0.1 at 2025-08-28 12:40:07 +0000
Processing by HomeController#index as HTML
  Rendering layout layouts/application.html.erb
  Rendering home/index.html.erb within layouts/application
  Rendered home/index.html.erb within layouts/application (Duration: 0.4ms | GC: 0.0ms)
  Rendered layout layouts/application.html.erb (Duration: 13.7ms | GC: 0.6ms)
Completed 200 OK in 147ms (Views: 15.1ms | ActiveRecord: 0.0ms (0 queries, 0 cached) | GC: 7.6ms)


  [1m[36mActiveRecord::InternalMetadata Load (0.1ms)[0m  [1m[34mSELECT * FROM "ar_internal_metadata" WHERE "ar_internal_metadata"."key" = 'environment' ORDER BY "ar_internal_metadata"."key" ASC LIMIT 1 /*application='MyquoteAssignment'*/[0m
  [1m[36mActiveRecord::InternalMetadata Create (6.9ms)[0m  [1m[32mINSERT INTO "ar_internal_metadata" ("key", "value", "created_at", "updated_at") VALUES ('environment', 'development', '2025-08-28 13:09:50.548598', '2025-08-28 13:09:50.548601') RETURNING "key" /*application='MyquoteAssignment'*/[0m
  [1m[36mActiveRecord::SchemaMigration Load (0.1ms)[0m  [1m[34mSELECT "schema_migrations"."version" FROM "schema_migrations" ORDER BY "schema_migrations"."version" ASC /*application='MyquoteAssignment'*/[0m
Migrating to CreateUsers (20250828125943)
  [1m[36mTRANSACTION (0.0ms)[0m  [1m[35mBEGIN immediate TRANSACTION /*application='MyquoteAssignment'*/[0m
  [1m[35m (1.2ms)[0m  [1m[35mCREATE TABLE "users" ("id" integer PRIMARY KEY AUTOINCREMENT NOT NULL, "fname" varchar NOT NULL, "lname" varchar NOT NULL, "email" varchar NOT NULL, "password_digest" varchar NOT NULL, "is_admin" boolean DEFAULT 0, "status" varchar NOT NULL, "created_at" datetime(6) NOT NULL, "updated_at" datetime(6) NOT NULL) /*application='MyquoteAssignment'*/[0m
  [1m[35m (0.1ms)[0m  [1m[35mCREATE UNIQUE INDEX "index_users_on_email" ON "users" ("email") /*application='MyquoteAssignment'*/[0m
  [1m[36mActiveRecord::SchemaMigration Create (0.1ms)[0m  [1m[32mINSERT INTO "schema_migrations" ("version") VALUES ('20250828125943') RETURNING "version" /*application='MyquoteAssignment'*/[0m
  [1m[36mTRANSACTION (0.1ms)[0m  [1m[35mCOMMIT TRANSACTION /*application='MyquoteAssignment'*/[0m
  [1m[36mActiveRecord::SchemaMigration Load (0.1ms)[0m  [1m[34mSELECT "schema_migrations"."version" FROM "schema_migrations" ORDER BY "schema_migrations"."version" ASC /*application='MyquoteAssignment'*/[0m
  [1m[36mActiveRecord::InternalMetadata Load (0.2ms)[0m  [1m[34mSELECT * FROM "ar_internal_metadata" WHERE "ar_internal_metadata"."key" = 'environment' ORDER BY "ar_internal_metadata"."key" ASC LIMIT 1 /*application='MyquoteAssignment'*/[0m
  [1m[36mActiveRecord::SchemaMigration Load (0.1ms)[0m  [1m[34mSELECT "schema_migrations"."version" FROM "schema_migrations" ORDER BY "schema_migrations"."version" ASC /*application='MyquoteAssignment'*/[0m
Migrating to CreatePhilosophers (20250828132408)
  [1m[36mTRANSACTION (0.0ms)[0m  [1m[35mBEGIN immediate TRANSACTION /*application='MyquoteAssignment'*/[0m
  [1m[35m (1.2ms)[0m  [1m[35mCREATE TABLE "philosophers" ("id" integer PRIMARY KEY AUTOINCREMENT NOT NULL, "fname" varchar NOT NULL, "lname" varchar NOT NULL, "birth_year" varchar NOT NULL, "death_year" varchar, "biography" text, "created_at" datetime(6) NOT NULL, "updated_at" datetime(6) NOT NULL) /*application='MyquoteAssignment'*/[0m
  [1m[36mActiveRecord::SchemaMigration Create (0.2ms)[0m  [1m[32mINSERT INTO "schema_migrations" ("version") VALUES ('20250828132408') RETURNING "version" /*application='MyquoteAssignment'*/[0m
  [1m[36mTRANSACTION (8.2ms)[0m  [1m[35mCOMMIT TRANSACTION /*application='MyquoteAssignment'*/[0m
  [1m[36mActiveRecord::SchemaMigration Load (0.1ms)[0m  [1m[34mSELECT "schema_migrations"."version" FROM "schema_migrations" ORDER BY "schema_migrations"."version" ASC /*application='MyquoteAssignment'*/[0m
  [1m[36mActiveRecord::SchemaMigration Load (0.1ms)[0m  [1m[34mSELECT "schema_migrations"."version" FROM "schema_migrations" ORDER BY "schema_migrations"."version" ASC /*application='MyquoteAssignment'*/[0m
  [1m[36mActiveRecord::SchemaMigration Load (0.1ms)[0m  [1m[34mSELECT "schema_migrations"."version" FROM "schema_migrations" ORDER BY "schema_migrations"."version" ASC /*application='MyquoteAssignment'*/[0m
  [1m[36mActiveRecord::SchemaMigration Load (0.0ms)[0m  [1m[34mSELECT "schema_migrations"."version" FROM "schema_migrations" ORDER BY "schema_migrations"."version" ASC /*application='MyquoteAssignment'*/[0m
  [1m[36mActiveRecord::SchemaMigration Load (0.1ms)[0m  [1m[34mSELECT "schema_migrations"."version" FROM "schema_migrations" ORDER BY "schema_migrations"."version" ASC /*application='MyquoteAssignment'*/[0m
Migrating to CreatePhilosophers (20250828132408)
  [1m[36mTRANSACTION (0.0ms)[0m  [1m[35mBEGIN immediate TRANSACTION /*application='MyquoteAssignment'*/[0m
  [1m[35m (1.7ms)[0m  [1m[35mDROP TABLE "philosophers" /*application='MyquoteAssignment'*/[0m
  [1m[36mActiveRecord::SchemaMigration Destroy (0.1ms)[0m  [1m[31mDELETE FROM "schema_migrations" WHERE "schema_migrations"."version" = '20250828132408' /*application='MyquoteAssignment'*/[0m
  [1m[36mTRANSACTION (10.9ms)[0m  [1m[35mCOMMIT TRANSACTION /*application='MyquoteAssignment'*/[0m
  [1m[36mActiveRecord::SchemaMigration Load (0.1ms)[0m  [1m[34mSELECT "schema_migrations"."version" FROM "schema_migrations" ORDER BY "schema_migrations"."version" ASC /*application='MyquoteAssignment'*/[0m
  [1m[36mActiveRecord::InternalMetadata Load (0.1ms)[0m  [1m[34mSELECT * FROM "ar_internal_metadata" WHERE "ar_internal_metadata"."key" = 'environment' ORDER BY "ar_internal_metadata"."key" ASC LIMIT 1 /*application='MyquoteAssignment'*/[0m
  [1m[36mActiveRecord::SchemaMigration Load (0.1ms)[0m  [1m[34mSELECT "schema_migrations"."version" FROM "schema_migrations" ORDER BY "schema_migrations"."version" ASC /*application='MyquoteAssignment'*/[0m
Migrating to CreatePhilosophers (20250828132408)
  [1m[36mTRANSACTION (0.0ms)[0m  [1m[35mBEGIN immediate TRANSACTION /*application='MyquoteAssignment'*/[0m
  [1m[35m (1.2ms)[0m  [1m[35mCREATE TABLE "philosophers" ("id" integer PRIMARY KEY AUTOINCREMENT NOT NULL, "fname" varchar NOT NULL, "lname" varchar NOT NULL, "birth_year" varchar NOT NULL, "death_year" varchar, "biography" text, "created_at" datetime(6) NOT NULL, "updated_at" datetime(6) NOT NULL) /*application='MyquoteAssignment'*/[0m
  [1m[36mActiveRecord::SchemaMigration Create (0.1ms)[0m  [1m[32mINSERT INTO "schema_migrations" ("version") VALUES ('20250828132408') RETURNING "version" /*application='MyquoteAssignment'*/[0m
  [1m[36mTRANSACTION (6.3ms)[0m  [1m[35mCOMMIT TRANSACTION /*application='MyquoteAssignment'*/[0m
  [1m[36mActiveRecord::SchemaMigration Load (0.1ms)[0m  [1m[34mSELECT "schema_migrations"."version" FROM "schema_migrations" ORDER BY "schema_migrations"."version" ASC /*application='MyquoteAssignment'*/[0m
  [1m[36mActiveRecord::InternalMetadata Load (0.1ms)[0m  [1m[34mSELECT * FROM "ar_internal_metadata" WHERE "ar_internal_metadata"."key" = 'environment' ORDER BY "ar_internal_metadata"."key" ASC LIMIT 1 /*application='MyquoteAssignment'*/[0m
  [1m[36mActiveRecord::SchemaMigration Load (0.1ms)[0m  [1m[34mSELECT "schema_migrations"."version" FROM "schema_migrations" ORDER BY "schema_migrations"."version" ASC /*application='MyquoteAssignment'*/[0m
Migrating to CreateQuotes (20250828134616)
  [1m[36mTRANSACTION (0.0ms)[0m  [1m[35mBEGIN immediate TRANSACTION /*application='MyquoteAssignment'*/[0m
  [1m[35m (1.2ms)[0m  [1m[35mCREATE TABLE "quotes" ("id" integer PRIMARY KEY AUTOINCREMENT NOT NULL, "quote_text" text NOT NULL, "pub_year" varchar NOT NULL, "user_comment" varchar, "is_public" boolean DEFAULT 1, "user_id" integer NOT NULL, "philosopher_id" integer NOT NULL, "created_at" datetime(6) NOT NULL, "updated_at" datetime(6) NOT NULL, CONSTRAINT "fk_rails_02b555fb4d"
FOREIGN KEY ("user_id")
  REFERENCES "users" ("id")
, CONSTRAINT "fk_rails_81116b59fc"
FOREIGN KEY ("philosopher_id")
  REFERENCES "philosophers" ("id")
) /*application='MyquoteAssignment'*/[0m
  [1m[35m (0.1ms)[0m  [1m[35mCREATE INDEX "index_quotes_on_user_id" ON "quotes" ("user_id") /*application='MyquoteAssignment'*/[0m
  [1m[35m (0.1ms)[0m  [1m[35mCREATE INDEX "index_quotes_on_philosopher_id" ON "quotes" ("philosopher_id") /*application='MyquoteAssignment'*/[0m
  [1m[36mActiveRecord::SchemaMigration Create (0.2ms)[0m  [1m[32mINSERT INTO "schema_migrations" ("version") VALUES ('20250828134616') RETURNING "version" /*application='MyquoteAssignment'*/[0m
  [1m[36mTRANSACTION (8.4ms)[0m  [1m[35mCOMMIT TRANSACTION /*application='MyquoteAssignment'*/[0m
  [1m[36mActiveRecord::SchemaMigration Load (0.1ms)[0m  [1m[34mSELECT "schema_migrations"."version" FROM "schema_migrations" ORDER BY "schema_migrations"."version" ASC /*application='MyquoteAssignment'*/[0m
  [1m[36mActiveRecord::InternalMetadata Load (0.1ms)[0m  [1m[34mSELECT * FROM "ar_internal_metadata" WHERE "ar_internal_metadata"."key" = 'environment' ORDER BY "ar_internal_metadata"."key" ASC LIMIT 1 /*application='MyquoteAssignment'*/[0m
  [1m[36mActiveRecord::SchemaMigration Load (0.1ms)[0m  [1m[34mSELECT "schema_migrations"."version" FROM "schema_migrations" ORDER BY "schema_migrations"."version" ASC /*application='MyquoteAssignment'*/[0m
Migrating to CreateCategories (20250828140157)
  [1m[36mTRANSACTION (0.0ms)[0m  [1m[35mBEGIN immediate TRANSACTION /*application='MyquoteAssignment'*/[0m
  [1m[35m (1.2ms)[0m  [1m[35mCREATE TABLE "categories" ("id" integer PRIMARY KEY AUTOINCREMENT NOT NULL, "cat_name" varchar NOT NULL, "created_at" datetime(6) NOT NULL, "updated_at" datetime(6) NOT NULL) /*application='MyquoteAssignment'*/[0m
  [1m[36mActiveRecord::SchemaMigration Create (0.1ms)[0m  [1m[32mINSERT INTO "schema_migrations" ("version") VALUES ('20250828140157') RETURNING "version" /*application='MyquoteAssignment'*/[0m
  [1m[36mTRANSACTION (11.9ms)[0m  [1m[35mCOMMIT TRANSACTION /*application='MyquoteAssignment'*/[0m
  [1m[36mActiveRecord::SchemaMigration Load (0.1ms)[0m  [1m[34mSELECT "schema_migrations"."version" FROM "schema_migrations" ORDER BY "schema_migrations"."version" ASC /*application='MyquoteAssignment'*/[0m
  [1m[36mActiveRecord::InternalMetadata Load (0.1ms)[0m  [1m[34mSELECT * FROM "ar_internal_metadata" WHERE "ar_internal_metadata"."key" = 'environment' ORDER BY "ar_internal_metadata"."key" ASC LIMIT 1 /*application='MyquoteAssignment'*/[0m
  [1m[36mActiveRecord::SchemaMigration Load (0.1ms)[0m  [1m[34mSELECT "schema_migrations"."version" FROM "schema_migrations" ORDER BY "schema_migrations"."version" ASC /*application='MyquoteAssignment'*/[0m
Migrating to CreateQuoteCategories (20250828141442)
  [1m[36mTRANSACTION (0.1ms)[0m  [1m[35mBEGIN immediate TRANSACTION /*application='MyquoteAssignment'*/[0m
  [1m[35m (1.5ms)[0m  [1m[35mCREATE TABLE "quote_categories" ("id" integer PRIMARY KEY AUTOINCREMENT NOT NULL, "quote_id" integer NOT NULL, "category_id" integer NOT NULL, "created_at" datetime(6) NOT NULL, "updated_at" datetime(6) NOT NULL, CONSTRAINT "fk_rails_c34a150410"
FOREIGN KEY ("quote_id")
  REFERENCES "quotes" ("id")
, CONSTRAINT "fk_rails_2f1b48a620"
FOREIGN KEY ("category_id")
  REFERENCES "categories" ("id")
) /*application='MyquoteAssignment'*/[0m
  [1m[35m (0.1ms)[0m  [1m[35mCREATE INDEX "index_quote_categories_on_quote_id" ON "quote_categories" ("quote_id") /*application='MyquoteAssignment'*/[0m
  [1m[35m (0.1ms)[0m  [1m[35mCREATE INDEX "index_quote_categories_on_category_id" ON "quote_categories" ("category_id") /*application='MyquoteAssignment'*/[0m
  [1m[36mActiveRecord::SchemaMigration Create (0.2ms)[0m  [1m[32mINSERT INTO "schema_migrations" ("version") VALUES ('20250828141442') RETURNING "version" /*application='MyquoteAssignment'*/[0m
  [1m[36mTRANSACTION (11.0ms)[0m  [1m[35mCOMMIT TRANSACTION /*application='MyquoteAssignment'*/[0m
  [1m[36mActiveRecord::SchemaMigration Load (0.1ms)[0m  [1m[34mSELECT "schema_migrations"."version" FROM "schema_migrations" ORDER BY "schema_migrations"."version" ASC /*application='MyquoteAssignment'*/[0m
